xrun(64): 23.09-s013: (c) Copyright 1995-2024 Cadence Design Systems, Inc.
TOOL:	xrun(64)	23.09-s013: Started on Sep 06, 2025 at 14:51:22 EDT
xrun
	-top multiplexer_test
	and2.vhd
	or3.vhd
	xor2.vhd
	inverter.vhd
	adder1.vhd
	adder4.vhd
	mux_slice.vhd
	multiplexer.vhd
	tb_multiplexer.vhd
	-input ncsim.run
	-access +rwc
Recompiling... reason: file './mux_slice.vhd' is newer than expected.
	expected: Sat Sep  6 14:20:14 2025
	actual:   Sat Sep  6 14:51:19 2025
mux_slice.vhd:
	errors: 0, warnings: 0
WORKLIB.MUX_SLICE:STRUCTURAL (architecture):
	streams: 1, words: 325
xmelab: *W,ARCMRA: Elaborating the WORKLIB.MULTIPLEXER_TEST:TEST, MRA (most recently analyzed) architecture.
	Elaborating the design hierarchy:
xmelab: *W,CUDEFB: default binding occurred for component instance (:multiplexer_test(test):mux_1@multiplexer(structural):bit0) with design unit (WORKLIB.MUX_SLICE:STRUCTURAL).
xmelab: *W,CUDEFB: default binding occurred for component instance (:multiplexer_test(test):mux_1@multiplexer(structural):bit0@mux_slice(structural):inv_S0) with design unit (WORKLIB.INVERTER:STRUCTURAL).
xmelab: *W,CUDEFB: default binding occurred for component instance (:multiplexer_test(test):mux_1@multiplexer(structural):bit0@mux_slice(structural):inv_S1) with design unit (WORKLIB.INVERTER:STRUCTURAL).
xmelab: *W,CUDEFB: default binding occurred for component instance (:multiplexer_test(test):mux_1@multiplexer(structural):bit0@mux_slice(structural):inv_B) with design unit (WORKLIB.INVERTER:STRUCTURAL).
xmelab: *W,CUDEFB: default binding occurred for component instance (:multiplexer_test(test):mux_1@multiplexer(structural):bit0@mux_slice(structural):and_S0nS1) with design unit (WORKLIB.AND2:STRUCTURAL).
xmelab: *W,CUDEFB: default binding occurred for component instance (:multiplexer_test(test):mux_1@multiplexer(structural):bit0@mux_slice(structural):and_nS0S1) with design unit (WORKLIB.AND2:STRUCTURAL).
xmelab: *W,CUDEFB: default binding occurred for component instance (:multiplexer_test(test):mux_1@multiplexer(structural):bit0@mux_slice(structural):and_S0S1) with design unit (WORKLIB.AND2:STRUCTURAL).
xmelab: *W,CUDEFB: default binding occurred for component instance (:multiplexer_test(test):mux_1@multiplexer(structural):bit0@mux_slice(structural):and10) with design unit (WORKLIB.AND2:STRUCTURAL).
xmelab: *W,CUDEFB: default binding occurred for component instance (:multiplexer_test(test):mux_1@multiplexer(structural):bit0@mux_slice(structural):and01) with design unit (WORKLIB.AND2:STRUCTURAL).
xmelab: *W,CUDEFB: default binding occurred for component instance (:multiplexer_test(test):mux_1@multiplexer(structural):bit0@mux_slice(structural):or_out) with design unit (WORKLIB.OR3:STRUCTURAL).
xmelab: *W,CUDEFB: default binding occurred for component instance (:multiplexer_test(test):mux_1@multiplexer(structural):bit1) with design unit (WORKLIB.MUX_SLICE:STRUCTURAL).
xmelab: *W,CUDEFB: default binding occurred for component instance (:multiplexer_test(test):mux_1@multiplexer(structural):bit1@mux_slice(structural):inv_S0) with design unit (WORKLIB.INVERTER:STRUCTURAL).
xmelab: *W,CUDEFB: default binding occurred for component instance (:multiplexer_test(test):mux_1@multiplexer(structural):bit1@mux_slice(structural):inv_S1) with design unit (WORKLIB.INVERTER:STRUCTURAL).
xmelab: *W,CUDEFB: default binding occurred for component instance (:multiplexer_test(test):mux_1@multiplexer(structural):bit1@mux_slice(structural):inv_B) with design unit (WORKLIB.INVERTER:STRUCTURAL).
xmelab: *W,CUDEFB: default binding occurred for component instance (:multiplexer_test(test):mux_1@multiplexer(structural):bit1@mux_slice(structural):and_S0nS1) with design unit (WORKLIB.AND2:STRUCTURAL).
xmelab: *W,CUDEFB: default binding occurred for component instance (:multiplexer_test(test):mux_1@multiplexer(structural):bit1@mux_slice(structural):and_nS0S1) with design unit (WORKLIB.AND2:STRUCTURAL).
xmelab: *W,CUDEFB: default binding occurred for component instance (:multiplexer_test(test):mux_1@multiplexer(structural):bit1@mux_slice(structural):and_S0S1) with design unit (WORKLIB.AND2:STRUCTURAL).
xmelab: *W,CUDEFB: default binding occurred for component instance (:multiplexer_test(test):mux_1@multiplexer(structural):bit1@mux_slice(structural):and10) with design unit (WORKLIB.AND2:STRUCTURAL).
xmelab: *W,CUDEFB: default binding occurred for component instance (:multiplexer_test(test):mux_1@multiplexer(structural):bit1@mux_slice(structural):and01) with design unit (WORKLIB.AND2:STRUCTURAL).
xmelab: *W,CUDEFB: default binding occurred for component instance (:multiplexer_test(test):mux_1@multiplexer(structural):bit1@mux_slice(structural):or_out) with design unit (WORKLIB.OR3:STRUCTURAL).
xmelab: *W,CUDEFB: default binding occurred for component instance (:multiplexer_test(test):mux_1@multiplexer(structural):bit2) with design unit (WORKLIB.MUX_SLICE:STRUCTURAL).
xmelab: *W,CUDEFB: default binding occurred for component instance (:multiplexer_test(test):mux_1@multiplexer(structural):bit2@mux_slice(structural):inv_S0) with design unit (WORKLIB.INVERTER:STRUCTURAL).
xmelab: *W,CUDEFB: default binding occurred for component instance (:multiplexer_test(test):mux_1@multiplexer(structural):bit2@mux_slice(structural):inv_S1) with design unit (WORKLIB.INVERTER:STRUCTURAL).
xmelab: *W,CUDEFB: default binding occurred for component instance (:multiplexer_test(test):mux_1@multiplexer(structural):bit2@mux_slice(structural):inv_B) with design unit (WORKLIB.INVERTER:STRUCTURAL).
xmelab: *W,CUDEFB: default binding occurred for component instance (:multiplexer_test(test):mux_1@multiplexer(structural):bit2@mux_slice(structural):and_S0nS1) with design unit (WORKLIB.AND2:STRUCTURAL).
xmelab: *W,CUDEFB: default binding occurred for component instance (:multiplexer_test(test):mux_1@multiplexer(structural):bit2@mux_slice(structural):and_nS0S1) with design unit (WORKLIB.AND2:STRUCTURAL).
xmelab: *W,CUDEFB: default binding occurred for component instance (:multiplexer_test(test):mux_1@multiplexer(structural):bit2@mux_slice(structural):and_S0S1) with design unit (WORKLIB.AND2:STRUCTURAL).
xmelab: *W,CUDEFB: default binding occurred for component instance (:multiplexer_test(test):mux_1@multiplexer(structural):bit2@mux_slice(structural):and10) with design unit (WORKLIB.AND2:STRUCTURAL).
xmelab: *W,CUDEFB: default binding occurred for component instance (:multiplexer_test(test):mux_1@multiplexer(structural):bit2@mux_slice(structural):and01) with design unit (WORKLIB.AND2:STRUCTURAL).
xmelab: *W,CUDEFB: default binding occurred for component instance (:multiplexer_test(test):mux_1@multiplexer(structural):bit2@mux_slice(structural):or_out) with design unit (WORKLIB.OR3:STRUCTURAL).
xmelab: *W,CUDEFB: default binding occurred for component instance (:multiplexer_test(test):mux_1@multiplexer(structural):bit3) with design unit (WORKLIB.MUX_SLICE:STRUCTURAL).
xmelab: *W,CUDEFB: default binding occurred for component instance (:multiplexer_test(test):mux_1@multiplexer(structural):bit3@mux_slice(structural):inv_S0) with design unit (WORKLIB.INVERTER:STRUCTURAL).
xmelab: *W,CUDEFB: default binding occurred for component instance (:multiplexer_test(test):mux_1@multiplexer(structural):bit3@mux_slice(structural):inv_S1) with design unit (WORKLIB.INVERTER:STRUCTURAL).
xmelab: *W,CUDEFB: default binding occurred for component instance (:multiplexer_test(test):mux_1@multiplexer(structural):bit3@mux_slice(structural):inv_B) with design unit (WORKLIB.INVERTER:STRUCTURAL).
xmelab: *W,CUDEFB: default binding occurred for component instance (:multiplexer_test(test):mux_1@multiplexer(structural):bit3@mux_slice(structural):and_S0nS1) with design unit (WORKLIB.AND2:STRUCTURAL).
xmelab: *W,CUDEFB: default binding occurred for component instance (:multiplexer_test(test):mux_1@multiplexer(structural):bit3@mux_slice(structural):and_nS0S1) with design unit (WORKLIB.AND2:STRUCTURAL).
xmelab: *W,CUDEFB: default binding occurred for component instance (:multiplexer_test(test):mux_1@multiplexer(structural):bit3@mux_slice(structural):and_S0S1) with design unit (WORKLIB.AND2:STRUCTURAL).
xmelab: *W,CUDEFB: default binding occurred for component instance (:multiplexer_test(test):mux_1@multiplexer(structural):bit3@mux_slice(structural):and10) with design unit (WORKLIB.AND2:STRUCTURAL).
xmelab: *W,CUDEFB: default binding occurred for component instance (:multiplexer_test(test):mux_1@multiplexer(structural):bit3@mux_slice(structural):and01) with design unit (WORKLIB.AND2:STRUCTURAL).
xmelab: *W,CUDEFB: default binding occurred for component instance (:multiplexer_test(test):mux_1@multiplexer(structural):bit3@mux_slice(structural):or_out) with design unit (WORKLIB.OR3:STRUCTURAL).
	Top level design units:
		:multiplexer_test(test):
	Building instance specific data structures.
	Design hierarchy summary:
		            Instances  Unique
		Components:        43       6
		Default bindings:  40      36
		Processes:         41       5
		Signals:           40      13
	Writing initial simulation snapshot: WORKLIB.MULTIPLEXER_TEST:TEST
Loading snapshot worklib.multiplexer_test:test .................... Done
xcelium> run 100 ns
Ran until 100 NS + 0
xcelium> exit
TOOL:	xrun(64)	23.09-s013: Exiting on Sep 06, 2025 at 14:51:23 EDT  (total: 00:00:01)
